((0,6), [(0, 0.1); (1, 0.2); (2, 0.33); (3, 0.44); (4, 0.75)])

The input string is SYNTACTICALLY CORRECT (says the checker).

((1, 6), [(1, 0.1); (1, 0.2); (2, 0.3); (5, 0.4444); (4, 0.6)]) 

The input string is SYNTACTICALLY CORRECT (says the checker).

((-4, 10), [(-1, 0.00000); (-3, 0.4); (-2, 0.33); (0, 0.55); (3, 0.666); (6, 0.77); (9, 0.25252)])

The input string is SYNTACTICALLY CORRECT (says the checker).

((-1, 7), [(2,0.0); (4, 0.25); (4, 0.5); (6, 0.5); (6, 0.75); (7, 1.)])

The input string is SYNTACTICALLY CORRECT (says the checker).

((0, 10), [(0, 0.4); (1, 0.1); (2, 0.225); (3, 0.25); (4, 0.665); (5, 0.65); (6, 0.752); (7, 0.795); (8, 0.2); (9, 1.); (10, 1.000000)])

The input string is SYNTACTICALLY CORRECT (says the checker).

((0, 9), [(0, 0.22); (1, 0.33); (2, 0.4425); (3, 0.6625); (4, 0.532); (5, 0.4445; (6, 0.7655); (7, 0.7522); (8, 1.01); (9, 1.)])
syntax error
(0,1), [(0, 0.44); (1, 0.44)])
syntax error
((0, 4), [(0, 1.1); (2, 0.3); (-1, 0.5)])
syntax error
((0, 6), [(1, 0.44); (2.2, 0.2); (3, 4.88); (4, 0.66666)])
syntax error
((0, 1), (0, 0.22); (0, 0.44); (1, 0.333); (1, 0.75)])
syntax error
